<?xml version="1.0" encoding="UTF-8"?>
<testsuite xmlns:xsi="http://www.w3.org/2001/XMLSchema-instance" xsi:noNamespaceSchemaLocation="https://maven.apache.org/surefire/maven-surefire-plugin/xsd/surefire-test-report-3.0.xsd" version="3.0" name="TestReturnBooks" time="0.274" tests="6" errors="0" skipped="0" failures="0">
  <properties>
[...]
</properties>
  <testcase name="test_book_is_not_borrowed" classname="TestReturnBooks" time="0.012">
    <system-out><![CDATA[Connected to the database successfully!
]]></system-out>
  </testcase>
  <testcase name="test_borrow_int_user_id" classname="TestReturnBooks" time="0.147">
    <system-out><![CDATA[Connected to the database successfully!
]]></system-out>
  </testcase>
  <testcase name="test_returner_exists" classname="TestReturnBooks" time="0.067">
    <system-out><![CDATA[Connected to the database successfully!
]]></system-out>
  </testcase>
  <testcase name="test_return_return_type_is_boolean" classname="TestReturnBooks" time="0.013">
    <system-out><![CDATA[Connected to the database successfully!
]]></system-out>
  </testcase>
  <testcase name="test_borrow_book_string_ISBN" classname="TestReturnBooks" time="0.012">
    <system-out><![CDATA[Connected to the database successfully!
]]></system-out>
  </testcase>
  <testcase name="test_return_book_using_wrong_ISBN" classname="TestReturnBooks" time="0.012">
    <system-out><![CDATA[Connected to the database successfully!
]]></system-out>
  </testcase>
</testsuite>